  snake.h
  test.c
Debug\snake.obj : warning LNK4042: 对象被多次指定；已忽略多余的指定
test.obj : error LNK2019: 无法解析的外部符号 _SetPos，函数 _test 中引用了该符号
test.obj : error LNK2019: 无法解析的外部符号 _GameStart，函数 _test 中引用了该符号
test.obj : error LNK2019: 无法解析的外部符号 _GameRun，函数 _test 中引用了该符号
test.obj : error LNK2019: 无法解析的外部符号 _GameEnd，函数 _test 中引用了该符号
D:\github\snake.c\Debug\snake.c.exe : fatal error LNK1120: 4 个无法解析的外部命令
